2023-05-11 20:03:10 INFO Name function: hello_world Arguments: ((), {}) return object: Hello World
2023-05-11 20:03:10 DEBUG test 1
2023-05-11 20:03:10 DEBUG test 2
2023-05-11 20:03:10 INFO Name function: summator Arguments: ((2, 2), {}) return object: 4
2023-05-11 20:03:10 DEBUG test 1
2023-05-11 20:03:10 DEBUG test 2
2023-05-11 20:03:10 INFO Name function: div Arguments: ((6, 2), {}) return object: 3.0
2023-05-11 20:03:10 DEBUG test 1
2023-05-11 20:03:10 DEBUG test 2
2023-05-11 20:03:10 INFO Name function: summator Arguments: ((4.3,), {'b': 2.2}) return object: 6.5
2023-05-11 20:03:10 DEBUG test 1
2023-05-11 20:03:10 DEBUG test 2
2023-05-11 20:03:10 INFO Name function: summator Arguments: ((), {'a': 0, 'b': 0}) return object: 0
2023-05-11 20:03:10 DEBUG test 1
2023-05-11 20:03:10 DEBUG test 2
2023-05-11 20:03:10 INFO Name function: hello_world Arguments: ((), {}) return object: Hello World
2023-05-11 20:03:10 DEBUG test 1
2023-05-11 20:03:10 DEBUG test 2
2023-05-11 20:03:10 INFO Name function: summator Arguments: ((2, 2), {}) return object: 4
2023-05-11 20:03:10 DEBUG test 1
2023-05-11 20:03:10 DEBUG test 2
2023-05-11 20:03:10 INFO Name function: div Arguments: ((6, 2), {}) return object: 3.0
2023-05-11 20:03:10 DEBUG test 1
2023-05-11 20:03:10 DEBUG test 2
2023-05-11 20:03:10 INFO Name function: summator Arguments: ((4.3,), {'b': 2.2}) return object: 6.5
2023-05-11 20:03:10 DEBUG test 1
2023-05-11 20:03:10 DEBUG test 2
2023-05-11 20:03:10 INFO Name function: hello_world Arguments: ((), {}) return object: Hello World
2023-05-11 20:03:10 DEBUG test 1
2023-05-11 20:03:10 DEBUG test 2
2023-05-11 20:03:10 INFO Name function: summator Arguments: ((2, 2), {}) return object: 4
2023-05-11 20:03:10 DEBUG test 1
2023-05-11 20:03:10 DEBUG test 2
2023-05-11 20:03:10 INFO Name function: div Arguments: ((6, 2), {}) return object: 3.0
2023-05-11 20:03:10 DEBUG test 1
2023-05-11 20:03:10 DEBUG test 2
2023-05-11 20:03:10 INFO Name function: summator Arguments: ((4.3,), {'b': 2.2}) return object: 6.5
2023-05-11 20:03:10 DEBUG test 1
2023-05-11 20:03:10 DEBUG test 2
2023-05-11 20:03:10 INFO Name function: hello_world Arguments: ((), {}) return object: Hello World
2023-05-11 20:03:10 DEBUG test 1
2023-05-11 20:03:10 DEBUG test 2
2023-05-11 20:03:10 INFO Name function: summator Arguments: ((2, 2), {}) return object: 4
2023-05-11 20:03:10 DEBUG test 1
2023-05-11 20:03:10 DEBUG test 2
2023-05-11 20:03:10 INFO Name function: div Arguments: ((6, 2), {}) return object: 3.0
2023-05-11 20:03:10 DEBUG test 1
2023-05-11 20:03:10 DEBUG test 2
2023-05-11 20:03:11 INFO Name function: summator Arguments: ((4.3,), {'b': 2.2}) return object: 6.5
